<?xml version="1.0" encoding="UTF-8"?>
<testng-results skipped="0" failed="0" ignored="0" total="1" passed="1">
  <reporter-output>
  </reporter-output>
  <suite name="Surefire suite" duration-ms="64" started-at="2021-04-21T13:21:22 EEST" finished-at="2021-04-21T13:21:22 EEST">
    <groups>
    </groups>
    <test name="Surefire test" duration-ms="64" started-at="2021-04-21T13:21:22 EEST" finished-at="2021-04-21T13:21:22 EEST">
      <class name="project.Mavenjava.AppTest">
        <test-method status="PASS" signature="shouldAnswerWithTrue()" name="shouldAnswerWithTrue" duration-ms="10" started-at="2021-04-21T13:21:22 EEST" finished-at="2021-04-21T13:21:22 EEST">
          <reporter-output>
          </reporter-output>
        </test-method> <!-- shouldAnswerWithTrue -->
      </class> <!-- project.Mavenjava.AppTest -->
    </test> <!-- Surefire test -->
  </suite> <!-- Surefire suite -->
</testng-results>
