<?xml version="1.0" encoding="UTF-8"?>
<!-- Generated by org.testng.reporters.JUnitXMLReporter -->
<testsuite hostname="DESKTOP-9FAH4T5" ignored="0" name="Surefire test" tests="3" failures="0" timestamp="2021-04-21T13:21:22 EEST" time="0.076" errors="0">
  <testcase name="BrowserAutomation" time="0.008" classname="project.Mavenjava.SeleniumTest"/>
  <testcase name="elementsUi" time="0.001" classname="project.Mavenjava.SeleniumTest"/>
  <testcase name="deleteX" time="0.0" classname="project.Mavenjava.Test1"/>
</testsuite> <!-- Surefire test -->
