<?xml version="1.0" encoding="UTF-8"?>
<testng-results skipped="0" failed="0" ignored="0" total="3" passed="3">
  <reporter-output>
  </reporter-output>
  <suite name="Surefire suite" duration-ms="76" started-at="2021-04-21T13:21:22 EEST" finished-at="2021-04-21T13:21:22 EEST">
    <groups>
    </groups>
    <test name="Surefire test" duration-ms="76" started-at="2021-04-21T13:21:22 EEST" finished-at="2021-04-21T13:21:22 EEST">
      <class name="project.Mavenjava.Test1">
        <test-method status="PASS" signature="deleteX()[pri:0, instance:project.Mavenjava.Test1@65e2dbf3]" name="deleteX" duration-ms="0" started-at="2021-04-21T13:21:22 EEST" finished-at="2021-04-21T13:21:22 EEST">
          <reporter-output>
          </reporter-output>
        </test-method> <!-- deleteX -->
      </class> <!-- project.Mavenjava.Test1 -->
      <class name="project.Mavenjava.SeleniumTest">
        <test-method status="PASS" signature="BrowserAutomation()[pri:0, instance:project.Mavenjava.SeleniumTest@3b0143d3]" name="BrowserAutomation" duration-ms="8" started-at="2021-04-21T13:21:22 EEST" finished-at="2021-04-21T13:21:22 EEST">
          <reporter-output>
          </reporter-output>
        </test-method> <!-- BrowserAutomation -->
        <test-method status="PASS" signature="elementsUi()[pri:0, instance:project.Mavenjava.SeleniumTest@3b0143d3]" name="elementsUi" duration-ms="1" started-at="2021-04-21T13:21:22 EEST" finished-at="2021-04-21T13:21:22 EEST">
          <reporter-output>
          </reporter-output>
        </test-method> <!-- elementsUi -->
      </class> <!-- project.Mavenjava.SeleniumTest -->
    </test> <!-- Surefire test -->
  </suite> <!-- Surefire suite -->
</testng-results>
